[2024-12-03 11:34:24,305: INFO: common: yaml file: config\config.yaml loaded successfully]
[2024-12-03 11:34:24,305: INFO: common: yaml file: params.yaml loaded successfully]
[2024-12-03 11:34:24,316: INFO: common: created directory at: artifacts]
[2024-12-03 11:34:24,316: INFO: common: created directory at: artifacts/data_ingestion]
[2024-12-03 11:34:27,668: INFO: 1434958058: artifacts/data_ingestion/data.zip download! with following info: 
Connection: close
Content-Length: 7903594
Cache-Control: max-age=300
Content-Security-Policy: default-src 'none'; style-src 'unsafe-inline'; sandbox
Content-Type: application/zip
ETag: "dbc016a060da18070593b83afff580c9b300f0b6ea4147a7988433e04df246ca"
Strict-Transport-Security: max-age=31536000
X-Content-Type-Options: nosniff
X-Frame-Options: deny
X-XSS-Protection: 1; mode=block
X-GitHub-Request-Id: F237:20F830:16213F:17CB11:674F3311
Accept-Ranges: bytes
Date: Tue, 03 Dec 2024 16:34:25 GMT
Via: 1.1 varnish
X-Served-By: cache-yul1970028-YUL
X-Cache: MISS
X-Cache-Hits: 0
X-Timer: S1733243666.678724,VS0,VE249
Vary: Authorization,Accept-Encoding,Origin
Access-Control-Allow-Origin: *
Cross-Origin-Resource-Policy: cross-origin
X-Fastly-Request-ID: 0559adbbf3cf5d93e24e1022fc0aaa64403b5ee8
Expires: Tue, 03 Dec 2024 16:39:25 GMT
Source-Age: 0

]
[2024-12-03 11:53:43,966: INFO: main: >>>>>> stage Data Ingestion stage started <<<<<<]
[2024-12-03 11:53:43,966: INFO: common: yaml file: config\config.yaml loaded successfully]
[2024-12-03 11:53:43,966: INFO: common: yaml file: params.yaml loaded successfully]
[2024-12-03 11:53:43,966: INFO: common: created directory at: artifacts]
[2024-12-03 11:53:43,981: INFO: common: created directory at: artifacts/data_ingestion]
[2024-12-03 11:53:46,855: INFO: data_ingestion: artifacts/data_ingestion/data.zip download! with following info: 
Connection: close
Content-Length: 7903594
Cache-Control: max-age=300
Content-Security-Policy: default-src 'none'; style-src 'unsafe-inline'; sandbox
Content-Type: application/zip
ETag: "dbc016a060da18070593b83afff580c9b300f0b6ea4147a7988433e04df246ca"
Strict-Transport-Security: max-age=31536000
X-Content-Type-Options: nosniff
X-Frame-Options: deny
X-XSS-Protection: 1; mode=block
X-GitHub-Request-Id: F237:20F830:16213F:17CB11:674F3311
Accept-Ranges: bytes
Date: Tue, 03 Dec 2024 16:53:45 GMT
Via: 1.1 varnish
X-Served-By: cache-yul1970043-YUL
X-Cache: HIT
X-Cache-Hits: 0
X-Timer: S1733244825.449338,VS0,VE78
Vary: Authorization,Accept-Encoding,Origin
Access-Control-Allow-Origin: *
Cross-Origin-Resource-Policy: cross-origin
X-Fastly-Request-ID: 3055934e5074e3b9cbcedd350de3c41f9877fc5e
Expires: Tue, 03 Dec 2024 16:58:45 GMT
Source-Age: 0

]
[2024-12-03 11:53:47,027: INFO: main: >>>>>> stage Data Ingestion stage completed <<<<<<

x==========x]
[2024-12-03 12:39:33,266: INFO: common: yaml file: config\config.yaml loaded successfully]
[2024-12-03 12:39:33,299: INFO: common: yaml file: params.yaml loaded successfully]
[2024-12-03 12:39:33,299: INFO: common: created directory at: artifacts]
[2024-12-03 12:39:33,299: INFO: common: created directory at: artifacts/data_validation]
[2024-12-03 12:56:53,903: INFO: main: >>>>>> stage Data Ingestion stage started <<<<<<]
[2024-12-03 12:56:53,917: INFO: common: yaml file: config\config.yaml loaded successfully]
[2024-12-03 12:56:53,921: INFO: common: yaml file: params.yaml loaded successfully]
[2024-12-03 12:56:53,921: INFO: common: created directory at: artifacts]
[2024-12-03 12:56:53,921: INFO: common: created directory at: artifacts/data_ingestion]
[2024-12-03 12:56:56,851: INFO: data_ingestion: artifacts/data_ingestion/data.zip download! with following info: 
Connection: close
Content-Length: 7903594
Cache-Control: max-age=300
Content-Security-Policy: default-src 'none'; style-src 'unsafe-inline'; sandbox
Content-Type: application/zip
ETag: "dbc016a060da18070593b83afff580c9b300f0b6ea4147a7988433e04df246ca"
Strict-Transport-Security: max-age=31536000
X-Content-Type-Options: nosniff
X-Frame-Options: deny
X-XSS-Protection: 1; mode=block
X-GitHub-Request-Id: F237:20F830:16213F:17CB11:674F3311
Accept-Ranges: bytes
Date: Tue, 03 Dec 2024 17:56:55 GMT
Via: 1.1 varnish
X-Served-By: cache-yul1970067-YUL
X-Cache: HIT
X-Cache-Hits: 0
X-Timer: S1733248615.384740,VS0,VE75
Vary: Authorization,Accept-Encoding,Origin
Access-Control-Allow-Origin: *
Cross-Origin-Resource-Policy: cross-origin
X-Fastly-Request-ID: 33b8a050ab6ddbf119a6f3018c1ab240633a66e5
Expires: Tue, 03 Dec 2024 18:01:55 GMT
Source-Age: 0

]
[2024-12-03 12:56:57,071: INFO: main: >>>>>> stage Data Ingestion stage completed <<<<<<

x==========x]
[2024-12-03 12:56:57,071: INFO: main: >>>>>> stage Data Validation stage started <<<<<<]
[2024-12-03 12:56:57,079: INFO: common: yaml file: config\config.yaml loaded successfully]
[2024-12-03 12:56:57,079: INFO: common: yaml file: params.yaml loaded successfully]
[2024-12-03 12:56:57,079: INFO: common: created directory at: artifacts]
[2024-12-03 12:56:57,079: INFO: common: created directory at: artifacts/data_validation]
[2024-12-03 12:56:57,079: INFO: main: >>>>>> stage Data Validation stage completed <<<<<<

x==========x]
[2024-12-03 13:01:56,470: INFO: config: PyTorch version 2.4.1 available.]
[2024-12-03 13:02:29,469: INFO: common: yaml file: config\config.yaml loaded successfully]
[2024-12-03 13:02:29,485: INFO: common: yaml file: params.yaml loaded successfully]
[2024-12-03 13:02:29,485: INFO: common: created directory at: artifacts]
[2024-12-03 13:02:29,485: INFO: common: created directory at: artifacts/data_transformation]
[2024-12-03 13:16:11,268: INFO: config: PyTorch version 2.4.1 available.]
[2024-12-03 13:16:12,446: INFO: main: >>>>>> stage Data Ingestion stage started <<<<<<]
[2024-12-03 13:16:12,462: INFO: common: yaml file: config\config.yaml loaded successfully]
[2024-12-03 13:16:12,462: INFO: common: yaml file: params.yaml loaded successfully]
[2024-12-03 13:16:12,462: INFO: common: created directory at: artifacts]
[2024-12-03 13:16:12,478: INFO: common: created directory at: artifacts/data_ingestion]
[2024-12-03 13:16:15,062: INFO: data_ingestion: artifacts/data_ingestion/data.zip download! with following info: 
Connection: close
Content-Length: 7903594
Cache-Control: max-age=300
Content-Security-Policy: default-src 'none'; style-src 'unsafe-inline'; sandbox
Content-Type: application/zip
ETag: "dbc016a060da18070593b83afff580c9b300f0b6ea4147a7988433e04df246ca"
Strict-Transport-Security: max-age=31536000
X-Content-Type-Options: nosniff
X-Frame-Options: deny
X-XSS-Protection: 1; mode=block
X-GitHub-Request-Id: F237:20F830:16213F:17CB11:674F3311
Accept-Ranges: bytes
Date: Tue, 03 Dec 2024 18:16:13 GMT
Via: 1.1 varnish
X-Served-By: cache-yul1970032-YUL
X-Cache: HIT
X-Cache-Hits: 0
X-Timer: S1733249774.632456,VS0,VE86
Vary: Authorization,Accept-Encoding,Origin
Access-Control-Allow-Origin: *
Cross-Origin-Resource-Policy: cross-origin
X-Fastly-Request-ID: e874334117579557a537283131bc15d037decee9
Expires: Tue, 03 Dec 2024 18:21:13 GMT
Source-Age: 0

]
[2024-12-03 13:16:15,218: INFO: main: >>>>>> stage Data Ingestion stage completed <<<<<<

x==========x]
[2024-12-03 13:16:15,218: INFO: main: >>>>>> stage Data Validation stage started <<<<<<]
[2024-12-03 13:16:15,233: INFO: common: yaml file: config\config.yaml loaded successfully]
[2024-12-03 13:16:15,233: INFO: common: yaml file: params.yaml loaded successfully]
[2024-12-03 13:16:15,233: INFO: common: created directory at: artifacts]
[2024-12-03 13:16:15,233: INFO: common: created directory at: artifacts/data_validation]
[2024-12-03 13:16:15,233: INFO: main: >>>>>> stage Data Validation stage completed <<<<<<

x==========x]
[2024-12-03 13:16:15,246: INFO: main: >>>>>> stage Data Transformation stage started <<<<<<]
[2024-12-03 13:16:15,250: INFO: common: yaml file: config\config.yaml loaded successfully]
[2024-12-03 13:16:15,250: INFO: common: yaml file: params.yaml loaded successfully]
[2024-12-03 13:16:15,250: INFO: common: created directory at: artifacts]
[2024-12-03 13:16:15,250: INFO: common: created directory at: artifacts/data_transformation]
[2024-12-03 13:16:24,280: INFO: main: >>>>>> stage Data Transformation stage completed <<<<<<

x==========x]
[2024-12-03 13:21:06,810: INFO: config: PyTorch version 2.4.1 available.]
[2024-12-03 13:21:41,384: INFO: common: yaml file: config\config.yaml loaded successfully]
[2024-12-03 13:21:41,384: INFO: common: yaml file: params.yaml loaded successfully]
[2024-12-03 13:21:41,384: INFO: common: created directory at: artifacts]
[2024-12-03 13:23:42,343: INFO: common: yaml file: config\config.yaml loaded successfully]
[2024-12-03 13:23:42,359: INFO: common: yaml file: params.yaml loaded successfully]
[2024-12-03 13:23:42,360: INFO: common: created directory at: artifacts]
[2024-12-03 13:23:42,365: INFO: common: created directory at: artifacts/model_trainer]
[2024-12-03 13:38:55,917: INFO: config: PyTorch version 2.4.1 available.]
[2024-12-03 13:38:57,495: INFO: common: yaml file: config\config.yaml loaded successfully]
[2024-12-03 13:38:57,506: INFO: common: yaml file: params.yaml loaded successfully]
[2024-12-03 13:38:57,509: INFO: common: created directory at: artifacts]
[2024-12-03 13:38:57,510: INFO: common: created directory at: artifacts/model_trainer]
[2024-12-03 14:40:02,743: INFO: common: yaml file: config\config.yaml loaded successfully]
[2024-12-03 14:40:03,128: INFO: common: yaml file: params.yaml loaded successfully]
[2024-12-03 14:40:03,136: INFO: common: created directory at: artifacts]
[2024-12-03 14:40:03,144: INFO: common: created directory at: artifacts/model_trainer]
[2024-12-03 14:50:40,109: INFO: config: PyTorch version 2.4.1 available.]
[2024-12-03 14:50:42,290: INFO: common: yaml file: config\config.yaml loaded successfully]
[2024-12-03 14:50:42,312: INFO: common: yaml file: params.yaml loaded successfully]
[2024-12-03 14:50:42,314: INFO: common: created directory at: artifacts]
[2024-12-03 14:50:42,316: INFO: common: created directory at: artifacts/model_trainer]
[2024-12-03 15:03:36,871: INFO: config: PyTorch version 2.4.1 available.]
[2024-12-03 15:03:38,471: INFO: common: yaml file: config\config.yaml loaded successfully]
[2024-12-03 15:03:38,477: INFO: common: yaml file: params.yaml loaded successfully]
[2024-12-03 15:03:38,488: INFO: common: created directory at: artifacts]
[2024-12-03 15:03:38,491: INFO: common: created directory at: artifacts/model_trainer]
[2024-12-03 15:06:09,098: INFO: common: yaml file: config\config.yaml loaded successfully]
[2024-12-03 15:06:09,104: INFO: common: yaml file: params.yaml loaded successfully]
[2024-12-03 15:06:09,107: INFO: common: created directory at: artifacts]
[2024-12-03 15:06:09,109: INFO: common: created directory at: artifacts/model_trainer]
[2024-12-03 15:20:50,055: INFO: config: PyTorch version 2.4.1 available.]
[2024-12-03 15:20:51,088: INFO: common: yaml file: config\config.yaml loaded successfully]
[2024-12-03 15:20:51,122: INFO: common: yaml file: params.yaml loaded successfully]
[2024-12-03 15:20:51,124: INFO: common: created directory at: artifacts]
[2024-12-03 15:20:51,125: INFO: common: created directory at: artifacts/model_trainer]
[2024-12-03 16:57:42,805: INFO: common: yaml file: config\config.yaml loaded successfully]
[2024-12-03 16:57:42,836: INFO: common: yaml file: params.yaml loaded successfully]
[2024-12-03 16:57:42,866: INFO: common: created directory at: artifacts]
[2024-12-03 16:57:42,870: INFO: common: created directory at: artifacts/model_trainer]
[2024-12-03 17:01:52,189: INFO: config: PyTorch version 2.4.1 available.]
[2024-12-03 17:01:54,306: INFO: common: yaml file: config\config.yaml loaded successfully]
[2024-12-03 17:01:54,340: INFO: common: yaml file: params.yaml loaded successfully]
[2024-12-03 17:01:54,340: INFO: common: created directory at: artifacts]
[2024-12-03 17:01:54,437: INFO: common: created directory at: artifacts/model_trainer]
[2024-12-03 17:41:35,406: INFO: config: PyTorch version 2.4.1 available.]
[2024-12-03 17:41:37,566: INFO: common: yaml file: config\config.yaml loaded successfully]
[2024-12-03 17:41:37,582: INFO: common: yaml file: params.yaml loaded successfully]
[2024-12-03 17:41:37,619: INFO: common: created directory at: artifacts]
[2024-12-03 17:41:37,619: INFO: common: created directory at: artifacts/model_trainer]
[2024-12-04 12:45:42,805: INFO: config: PyTorch version 2.4.1 available.]
[2024-12-04 12:45:50,684: INFO: main: >>>>>> stage Data Ingestion stage started <<<<<<]
[2024-12-04 12:45:50,842: INFO: common: yaml file: config\config.yaml loaded successfully]
[2024-12-04 12:45:50,875: INFO: common: yaml file: params.yaml loaded successfully]
[2024-12-04 12:45:50,875: INFO: common: created directory at: artifacts]
[2024-12-04 12:45:50,875: INFO: common: created directory at: artifacts/data_ingestion]
[2024-12-04 12:45:50,875: INFO: data_ingestion: File already exists of size: ~ 7718 KB]
[2024-12-04 12:45:51,405: INFO: main: >>>>>> stage Data Ingestion stage completed <<<<<<

x==========x]
[2024-12-04 12:45:51,405: INFO: main: >>>>>> stage Data Validation stage started <<<<<<]
[2024-12-04 12:45:51,421: INFO: common: yaml file: config\config.yaml loaded successfully]
[2024-12-04 12:45:51,437: INFO: common: yaml file: params.yaml loaded successfully]
[2024-12-04 12:45:51,437: INFO: common: created directory at: artifacts]
[2024-12-04 12:45:51,437: INFO: common: created directory at: artifacts/data_validation]
[2024-12-04 12:45:51,437: INFO: main: >>>>>> stage Data Validation stage completed <<<<<<

x==========x]
[2024-12-04 12:45:51,437: INFO: main: >>>>>> stage Data Transformation stage started <<<<<<]
[2024-12-04 12:45:51,455: INFO: common: yaml file: config\config.yaml loaded successfully]
[2024-12-04 12:45:51,468: INFO: common: yaml file: params.yaml loaded successfully]
[2024-12-04 12:45:51,468: INFO: common: created directory at: artifacts]
[2024-12-04 12:45:51,468: INFO: common: created directory at: artifacts/data_transformation]
[2024-12-04 12:45:56,825: ERROR: main: [Errno 22] Invalid argument: 'D:/Personal Projects/Text Summarizer/artifacts/data_transformation/samsum_dataset/train/data-00000-of-00001.arrow']
Traceback (most recent call last):
  File "main.py", line 34, in <module>
    data_transformation.main()
  File "d:\personal projects\text summarizer\src\textSummarizer\pipeline\stage_03_data_transformation.py", line 14, in main
    data_transformation.convert()
  File "d:\personal projects\text summarizer\src\textSummarizer\conponents\data_transformation.py", line 32, in convert
    dataset_samsum_pt.save_to_disk(os.path.join(self.config.root_dir,"samsum_dataset"))
  File "C:\Users\Dell\.conda\envs\textsum\lib\site-packages\datasets\dataset_dict.py", line 1284, in save_to_disk
    dataset.save_to_disk(
  File "C:\Users\Dell\.conda\envs\textsum\lib\site-packages\datasets\arrow_dataset.py", line 1542, in save_to_disk
    for job_id, done, content in Dataset._save_to_disk_single(**kwargs):
  File "C:\Users\Dell\.conda\envs\textsum\lib\site-packages\datasets\arrow_dataset.py", line 1566, in _save_to_disk_single
    writer = ArrowWriter(
  File "C:\Users\Dell\.conda\envs\textsum\lib\site-packages\datasets\arrow_writer.py", line 373, in __init__
    self.stream = self._fs.open(path, "wb")
  File "C:\Users\Dell\.conda\envs\textsum\lib\site-packages\fsspec\spec.py", line 1303, in open
    f = self._open(
  File "C:\Users\Dell\.conda\envs\textsum\lib\site-packages\fsspec\implementations\local.py", line 195, in _open
    return LocalFileOpener(path, mode, fs=self, **kwargs)
  File "C:\Users\Dell\.conda\envs\textsum\lib\site-packages\fsspec\implementations\local.py", line 359, in __init__
    self._open()
  File "C:\Users\Dell\.conda\envs\textsum\lib\site-packages\fsspec\implementations\local.py", line 364, in _open
    self.f = open(self.path, mode=self.mode)
OSError: [Errno 22] Invalid argument: 'D:/Personal Projects/Text Summarizer/artifacts/data_transformation/samsum_dataset/train/data-00000-of-00001.arrow'
[2024-12-05 12:38:14,277: INFO: config: PyTorch version 2.4.1 available.]
[2024-12-05 12:38:17,763: INFO: main: >>>>>> stage Data Ingestion stage started <<<<<<]
[2024-12-05 12:38:17,778: INFO: common: yaml file: config\config.yaml loaded successfully]
[2024-12-05 12:38:17,794: INFO: common: yaml file: params.yaml loaded successfully]
[2024-12-05 12:38:17,794: INFO: common: created directory at: artifacts]
[2024-12-05 12:38:17,794: INFO: common: created directory at: artifacts/data_ingestion]
[2024-12-05 12:38:20,467: INFO: data_ingestion: artifacts/data_ingestion/data.zip download! with following info: 
Connection: close
Content-Length: 7903594
Cache-Control: max-age=300
Content-Security-Policy: default-src 'none'; style-src 'unsafe-inline'; sandbox
Content-Type: application/zip
ETag: "dbc016a060da18070593b83afff580c9b300f0b6ea4147a7988433e04df246ca"
Strict-Transport-Security: max-age=31536000
X-Content-Type-Options: nosniff
X-Frame-Options: deny
X-XSS-Protection: 1; mode=block
X-GitHub-Request-Id: 8BA9:BBA70:15A9322:179B337:6751E506
Accept-Ranges: bytes
Date: Thu, 05 Dec 2024 17:38:16 GMT
Via: 1.1 varnish
X-Served-By: cache-yul1970067-YUL
X-Cache: MISS
X-Cache-Hits: 0
X-Timer: S1733420296.336621,VS0,VE180
Vary: Authorization,Accept-Encoding,Origin
Access-Control-Allow-Origin: *
Cross-Origin-Resource-Policy: cross-origin
X-Fastly-Request-ID: 056a5761fc67f17b7c8ce50e7c673f802644d1b2
Expires: Thu, 05 Dec 2024 17:43:16 GMT
Source-Age: 0

]
[2024-12-05 12:38:20,670: INFO: main: >>>>>> stage Data Ingestion stage completed <<<<<<

x==========x]
[2024-12-05 12:38:20,670: INFO: main: >>>>>> stage Data Validation stage started <<<<<<]
[2024-12-05 12:38:20,686: INFO: common: yaml file: config\config.yaml loaded successfully]
[2024-12-05 12:38:20,686: INFO: common: yaml file: params.yaml loaded successfully]
[2024-12-05 12:38:20,686: INFO: common: created directory at: artifacts]
[2024-12-05 12:38:20,686: INFO: common: created directory at: artifacts/data_validation]
[2024-12-05 12:38:20,686: INFO: main: >>>>>> stage Data Validation stage completed <<<<<<

x==========x]
[2024-12-05 12:38:20,686: INFO: main: >>>>>> stage Data Transformation stage started <<<<<<]
[2024-12-05 12:38:20,701: INFO: common: yaml file: config\config.yaml loaded successfully]
[2024-12-05 12:38:20,701: INFO: common: yaml file: params.yaml loaded successfully]
[2024-12-05 12:38:20,701: INFO: common: created directory at: artifacts]
[2024-12-05 12:38:20,701: INFO: common: created directory at: artifacts/data_transformation]
[2024-12-05 12:38:29,234: INFO: main: >>>>>> stage Data Transformation stage completed <<<<<<

x==========x]
[2024-12-05 12:38:29,234: INFO: main: *******************]
[2024-12-05 12:38:29,249: INFO: main: >>>>>> stage Model Trainer stage started <<<<<<]
[2024-12-05 12:38:29,249: INFO: common: yaml file: config\config.yaml loaded successfully]
[2024-12-05 12:38:29,249: INFO: common: yaml file: params.yaml loaded successfully]
[2024-12-05 12:38:29,249: INFO: common: created directory at: artifacts]
[2024-12-05 12:38:29,249: INFO: common: created directory at: artifacts/model_trainer]
[2024-12-05 14:32:40,720: INFO: config: PyTorch version 2.4.1 available.]
[2024-12-05 14:32:48,742: INFO: main: >>>>>> stage Data Ingestion stage started <<<<<<]
[2024-12-05 14:32:48,774: INFO: common: yaml file: config\config.yaml loaded successfully]
[2024-12-05 14:32:48,805: INFO: common: yaml file: params.yaml loaded successfully]
[2024-12-05 14:32:48,805: INFO: common: created directory at: artifacts]
[2024-12-05 14:32:48,805: INFO: common: created directory at: artifacts/data_ingestion]
[2024-12-05 14:32:52,855: INFO: data_ingestion: artifacts/data_ingestion/data.zip download! with following info: 
Connection: close
Content-Length: 7903594
Cache-Control: max-age=300
Content-Security-Policy: default-src 'none'; style-src 'unsafe-inline'; sandbox
Content-Type: application/zip
ETag: "dbc016a060da18070593b83afff580c9b300f0b6ea4147a7988433e04df246ca"
Strict-Transport-Security: max-age=31536000
X-Content-Type-Options: nosniff
X-Frame-Options: deny
X-XSS-Protection: 1; mode=block
X-GitHub-Request-Id: C684:27BFFA:5FB26A:686BCA:6751FFE0
Accept-Ranges: bytes
Date: Thu, 05 Dec 2024 19:32:48 GMT
Via: 1.1 varnish
X-Served-By: cache-yul1970070-YUL
X-Cache: MISS
X-Cache-Hits: 0
X-Timer: S1733427169.685300,VS0,VE248
Vary: Authorization,Accept-Encoding,Origin
Access-Control-Allow-Origin: *
Cross-Origin-Resource-Policy: cross-origin
X-Fastly-Request-ID: da96e0e5c86bde1c0fc34a814db7946b20b62bc8
Expires: Thu, 05 Dec 2024 19:37:48 GMT
Source-Age: 0

]
[2024-12-05 14:32:53,309: INFO: main: >>>>>> stage Data Ingestion stage completed <<<<<<

x==========x]
[2024-12-05 14:32:53,309: INFO: main: >>>>>> stage Data Validation stage started <<<<<<]
[2024-12-05 14:32:53,324: INFO: common: yaml file: config\config.yaml loaded successfully]
[2024-12-05 14:32:53,343: INFO: common: yaml file: params.yaml loaded successfully]
[2024-12-05 14:32:53,343: INFO: common: created directory at: artifacts]
[2024-12-05 14:32:53,343: INFO: common: created directory at: artifacts/data_validation]
[2024-12-05 14:32:53,356: INFO: main: >>>>>> stage Data Validation stage completed <<<<<<

x==========x]
[2024-12-05 14:32:53,356: INFO: main: >>>>>> stage Data Transformation stage started <<<<<<]
[2024-12-05 14:32:53,372: INFO: common: yaml file: config\config.yaml loaded successfully]
[2024-12-05 14:32:53,372: INFO: common: yaml file: params.yaml loaded successfully]
[2024-12-05 14:32:53,372: INFO: common: created directory at: artifacts]
[2024-12-05 14:32:53,372: INFO: common: created directory at: artifacts/data_transformation]
[2024-12-05 14:33:11,707: INFO: main: >>>>>> stage Data Transformation stage completed <<<<<<

x==========x]
[2024-12-05 14:33:11,707: INFO: main: *******************]
[2024-12-05 14:33:11,707: INFO: main: >>>>>> stage Model Trainer stage started <<<<<<]
[2024-12-05 14:33:11,723: INFO: common: yaml file: config\config.yaml loaded successfully]
[2024-12-05 14:33:11,738: INFO: common: yaml file: params.yaml loaded successfully]
[2024-12-05 14:33:11,738: INFO: common: created directory at: artifacts]
[2024-12-05 14:33:11,738: INFO: common: created directory at: artifacts/model_trainer]
[2024-12-05 14:39:41,422: INFO: config: PyTorch version 2.4.1 available.]
[2024-12-05 14:39:44,516: INFO: main: >>>>>> stage Data Ingestion stage started <<<<<<]
[2024-12-05 14:39:44,532: INFO: common: yaml file: config\config.yaml loaded successfully]
[2024-12-05 14:39:44,532: INFO: common: yaml file: params.yaml loaded successfully]
[2024-12-05 14:39:44,547: INFO: common: created directory at: artifacts]
[2024-12-05 14:39:44,547: INFO: common: created directory at: artifacts/data_ingestion]
[2024-12-05 14:39:47,533: INFO: data_ingestion: artifacts/data_ingestion/data.zip download! with following info: 
Connection: close
Content-Length: 7903594
Cache-Control: max-age=300
Content-Security-Policy: default-src 'none'; style-src 'unsafe-inline'; sandbox
Content-Type: application/zip
ETag: "dbc016a060da18070593b83afff580c9b300f0b6ea4147a7988433e04df246ca"
Strict-Transport-Security: max-age=31536000
X-Content-Type-Options: nosniff
X-Frame-Options: deny
X-XSS-Protection: 1; mode=block
X-GitHub-Request-Id: C684:27BFFA:5FB26A:686BCA:6751FFE0
Accept-Ranges: bytes
Date: Thu, 05 Dec 2024 19:39:43 GMT
Via: 1.1 varnish
X-Served-By: cache-yul1970023-YUL
X-Cache: HIT
X-Cache-Hits: 0
X-Timer: S1733427583.052139,VS0,VE68
Vary: Authorization,Accept-Encoding,Origin
Access-Control-Allow-Origin: *
Cross-Origin-Resource-Policy: cross-origin
X-Fastly-Request-ID: f0a4142cd48cdc9764e802a30bd2c9609d7f49c5
Expires: Thu, 05 Dec 2024 19:44:43 GMT
Source-Age: 0

]
[2024-12-05 14:39:47,830: INFO: main: >>>>>> stage Data Ingestion stage completed <<<<<<

x==========x]
[2024-12-05 14:39:47,845: INFO: main: >>>>>> stage Data Validation stage started <<<<<<]
[2024-12-05 14:39:47,845: INFO: common: yaml file: config\config.yaml loaded successfully]
[2024-12-05 14:39:47,845: INFO: common: yaml file: params.yaml loaded successfully]
[2024-12-05 14:39:47,845: INFO: common: created directory at: artifacts]
[2024-12-05 14:39:47,845: INFO: common: created directory at: artifacts/data_validation]
[2024-12-05 14:39:47,845: INFO: main: >>>>>> stage Data Validation stage completed <<<<<<

x==========x]
[2024-12-05 14:39:47,845: INFO: main: >>>>>> stage Data Transformation stage started <<<<<<]
[2024-12-05 14:39:47,861: INFO: common: yaml file: config\config.yaml loaded successfully]
[2024-12-05 14:39:47,861: INFO: common: yaml file: params.yaml loaded successfully]
[2024-12-05 14:39:47,861: INFO: common: created directory at: artifacts]
[2024-12-05 14:39:47,861: INFO: common: created directory at: artifacts/data_transformation]
[2024-12-05 14:39:56,559: INFO: main: >>>>>> stage Data Transformation stage completed <<<<<<

x==========x]
[2024-12-05 14:39:56,559: INFO: main: *******************]
[2024-12-05 14:39:56,559: INFO: main: >>>>>> stage Model Trainer stage started <<<<<<]
[2024-12-05 14:39:56,574: INFO: common: yaml file: config\config.yaml loaded successfully]
[2024-12-05 14:39:56,574: INFO: common: yaml file: params.yaml loaded successfully]
[2024-12-05 14:39:56,574: INFO: common: created directory at: artifacts]
[2024-12-05 14:39:56,580: INFO: common: created directory at: artifacts/model_trainer]
[2024-12-05 16:20:04,250: INFO: main: >>>>>> stage Model Trainer stage completed <<<<<<

x==========x]
[2024-12-05 16:25:52,220: INFO: config: PyTorch version 2.4.1 available.]
[2024-12-05 16:34:55,720: INFO: common: yaml file: config\config.yaml loaded successfully]
[2024-12-05 16:34:55,749: INFO: common: yaml file: params.yaml loaded successfully]
[2024-12-05 16:34:55,753: INFO: common: created directory at: artifacts]
[2024-12-05 16:34:55,753: INFO: common: created directory at: artifacts/model_evaluation]
[2024-12-05 16:40:04,366: INFO: common: yaml file: config\config.yaml loaded successfully]
[2024-12-05 16:40:04,369: INFO: common: yaml file: params.yaml loaded successfully]
[2024-12-05 16:40:04,373: INFO: common: created directory at: artifacts]
[2024-12-05 16:40:04,380: INFO: common: created directory at: artifacts/model_evaluation]
[2024-12-05 16:40:55,264: INFO: common: yaml file: config\config.yaml loaded successfully]
[2024-12-05 16:40:55,272: INFO: common: yaml file: params.yaml loaded successfully]
[2024-12-05 16:40:55,277: INFO: common: created directory at: artifacts]
[2024-12-05 16:40:55,277: INFO: common: created directory at: artifacts/model_evaluation]
[2024-12-05 16:44:09,769: INFO: common: yaml file: config\config.yaml loaded successfully]
[2024-12-05 16:44:09,779: INFO: common: yaml file: params.yaml loaded successfully]
[2024-12-05 16:44:09,781: INFO: common: created directory at: artifacts]
[2024-12-05 16:44:09,785: INFO: common: created directory at: artifacts/model_evaluation]
[2024-12-05 16:53:29,861: INFO: rouge_scorer: Using default tokenizer.]
[2024-12-05 16:54:58,472: INFO: common: yaml file: config\config.yaml loaded successfully]
[2024-12-05 16:54:58,498: INFO: common: yaml file: params.yaml loaded successfully]
[2024-12-05 16:54:58,504: INFO: common: created directory at: artifacts]
[2024-12-05 16:54:58,511: INFO: common: created directory at: artifacts/model_evaluation]
[2024-12-05 17:03:33,766: INFO: rouge_scorer: Using default tokenizer.]
[2024-12-05 17:16:53,002: INFO: config: PyTorch version 2.4.1 available.]
[2024-12-05 17:16:56,966: INFO: main: >>>>>> stage Data Ingestion stage started <<<<<<]
[2024-12-05 17:16:56,975: INFO: common: yaml file: config\config.yaml loaded successfully]
[2024-12-05 17:16:56,975: INFO: common: yaml file: params.yaml loaded successfully]
[2024-12-05 17:16:56,975: INFO: common: created directory at: artifacts]
[2024-12-05 17:16:56,975: INFO: common: created directory at: artifacts/data_ingestion]
[2024-12-05 17:16:59,643: INFO: data_ingestion: artifacts/data_ingestion/data.zip download! with following info: 
Connection: close
Content-Length: 7903594
Cache-Control: max-age=300
Content-Security-Policy: default-src 'none'; style-src 'unsafe-inline'; sandbox
Content-Type: application/zip
ETag: "dbc016a060da18070593b83afff580c9b300f0b6ea4147a7988433e04df246ca"
Strict-Transport-Security: max-age=31536000
X-Content-Type-Options: nosniff
X-Frame-Options: deny
X-XSS-Protection: 1; mode=block
X-GitHub-Request-Id: FD6A:32654B:D5BAFE:EBFE42:67522656
Accept-Ranges: bytes
Date: Thu, 05 Dec 2024 22:16:55 GMT
Via: 1.1 varnish
X-Served-By: cache-yul1970056-YUL
X-Cache: MISS
X-Cache-Hits: 0
X-Timer: S1733437015.454008,VS0,VE192
Vary: Authorization,Accept-Encoding,Origin
Access-Control-Allow-Origin: *
Cross-Origin-Resource-Policy: cross-origin
X-Fastly-Request-ID: 70c860afa46cf52dd7785592f30283cd5a301323
Expires: Thu, 05 Dec 2024 22:21:55 GMT
Source-Age: 0

]
[2024-12-05 17:16:59,800: INFO: main: >>>>>> stage Data Ingestion stage completed <<<<<<

x==========x]
[2024-12-05 17:16:59,800: INFO: main: >>>>>> stage Data Validation stage started <<<<<<]
[2024-12-05 17:16:59,800: INFO: common: yaml file: config\config.yaml loaded successfully]
[2024-12-05 17:16:59,816: INFO: common: yaml file: params.yaml loaded successfully]
[2024-12-05 17:16:59,816: INFO: common: created directory at: artifacts]
[2024-12-05 17:16:59,816: INFO: common: created directory at: artifacts/data_validation]
[2024-12-05 17:16:59,816: INFO: main: >>>>>> stage Data Validation stage completed <<<<<<

x==========x]
[2024-12-05 17:16:59,816: INFO: main: >>>>>> stage Data Transformation stage started <<<<<<]
[2024-12-05 17:16:59,831: INFO: common: yaml file: config\config.yaml loaded successfully]
[2024-12-05 17:16:59,831: INFO: common: yaml file: params.yaml loaded successfully]
[2024-12-05 17:16:59,831: INFO: common: created directory at: artifacts]
[2024-12-05 17:16:59,831: INFO: common: created directory at: artifacts/data_transformation]
[2024-12-05 17:17:09,299: INFO: main: >>>>>> stage Data Transformation stage completed <<<<<<

x==========x]
[2024-12-05 17:17:09,299: INFO: main: *******************]
[2024-12-05 17:17:09,299: INFO: main: >>>>>> stage Model Trainer stage started <<<<<<]
[2024-12-05 17:17:09,315: INFO: common: yaml file: config\config.yaml loaded successfully]
[2024-12-05 17:17:09,315: INFO: common: yaml file: params.yaml loaded successfully]
[2024-12-05 17:17:09,315: INFO: common: created directory at: artifacts]
[2024-12-05 17:17:09,315: INFO: common: created directory at: artifacts/model_trainer]
[2024-12-05 17:36:52,279: INFO: config: PyTorch version 2.4.1 available.]
[2024-12-05 17:36:57,167: INFO: main: >>>>>> stage Data Ingestion stage started <<<<<<]
[2024-12-05 17:36:57,182: INFO: common: yaml file: config\config.yaml loaded successfully]
[2024-12-05 17:36:57,182: INFO: common: yaml file: params.yaml loaded successfully]
[2024-12-05 17:36:57,182: INFO: common: created directory at: artifacts]
[2024-12-05 17:36:57,182: INFO: common: created directory at: artifacts/data_ingestion]
[2024-12-05 17:36:59,948: INFO: data_ingestion: artifacts/data_ingestion/data.zip download! with following info: 
Connection: close
Content-Length: 7903594
Cache-Control: max-age=300
Content-Security-Policy: default-src 'none'; style-src 'unsafe-inline'; sandbox
Content-Type: application/zip
ETag: "dbc016a060da18070593b83afff580c9b300f0b6ea4147a7988433e04df246ca"
Strict-Transport-Security: max-age=31536000
X-Content-Type-Options: nosniff
X-Frame-Options: deny
X-XSS-Protection: 1; mode=block
X-GitHub-Request-Id: FD6A:32654B:D5BAFE:EBFE42:67522656
Accept-Ranges: bytes
Date: Thu, 05 Dec 2024 22:36:55 GMT
Via: 1.1 varnish
X-Served-By: cache-yul1970020-YUL
X-Cache: HIT
X-Cache-Hits: 0
X-Timer: S1733438216.700309,VS0,VE72
Vary: Authorization,Accept-Encoding,Origin
Access-Control-Allow-Origin: *
Cross-Origin-Resource-Policy: cross-origin
X-Fastly-Request-ID: 76b58524461bf1a5867d52e7ec49e907e5f96770
Expires: Thu, 05 Dec 2024 22:41:55 GMT
Source-Age: 0

]
[2024-12-05 17:37:00,197: INFO: main: >>>>>> stage Data Ingestion stage completed <<<<<<

x==========x]
[2024-12-05 17:37:00,197: INFO: main: >>>>>> stage Data Validation stage started <<<<<<]
[2024-12-05 17:37:00,197: INFO: common: yaml file: config\config.yaml loaded successfully]
[2024-12-05 17:37:00,213: INFO: common: yaml file: params.yaml loaded successfully]
[2024-12-05 17:37:00,213: INFO: common: created directory at: artifacts]
[2024-12-05 17:37:00,213: INFO: common: created directory at: artifacts/data_validation]
[2024-12-05 17:37:00,213: INFO: main: >>>>>> stage Data Validation stage completed <<<<<<

x==========x]
[2024-12-05 17:37:00,213: INFO: main: >>>>>> stage Data Transformation stage started <<<<<<]
[2024-12-05 17:37:00,229: INFO: common: yaml file: config\config.yaml loaded successfully]
[2024-12-05 17:37:00,229: INFO: common: yaml file: params.yaml loaded successfully]
[2024-12-05 17:37:00,229: INFO: common: created directory at: artifacts]
[2024-12-05 17:37:00,229: INFO: common: created directory at: artifacts/data_transformation]
[2024-12-05 17:37:08,706: INFO: main: >>>>>> stage Data Transformation stage completed <<<<<<

x==========x]
[2024-12-05 17:37:08,706: INFO: main: *******************]
[2024-12-05 17:37:08,706: INFO: main: >>>>>> stage Model Trainer stage started <<<<<<]
[2024-12-05 17:37:08,706: INFO: common: yaml file: config\config.yaml loaded successfully]
[2024-12-05 17:37:08,706: INFO: common: yaml file: params.yaml loaded successfully]
[2024-12-05 17:37:08,706: INFO: common: created directory at: artifacts]
[2024-12-05 17:37:08,706: INFO: common: created directory at: artifacts/model_trainer]
[2024-12-05 19:06:44,468: INFO: config: PyTorch version 2.4.1 available.]
[2024-12-05 19:06:49,820: INFO: main: >>>>>> stage Data Ingestion stage started <<<<<<]
[2024-12-05 19:06:49,851: INFO: common: yaml file: config\config.yaml loaded successfully]
[2024-12-05 19:06:49,867: INFO: common: yaml file: params.yaml loaded successfully]
[2024-12-05 19:06:49,867: INFO: common: created directory at: artifacts]
[2024-12-05 19:06:49,883: INFO: common: created directory at: artifacts/data_ingestion]
[2024-12-05 19:06:52,857: INFO: data_ingestion: artifacts/data_ingestion/data.zip download! with following info: 
Connection: close
Content-Length: 7903594
Cache-Control: max-age=300
Content-Security-Policy: default-src 'none'; style-src 'unsafe-inline'; sandbox
Content-Type: application/zip
ETag: "dbc016a060da18070593b83afff580c9b300f0b6ea4147a7988433e04df246ca"
Strict-Transport-Security: max-age=31536000
X-Content-Type-Options: nosniff
X-Frame-Options: deny
X-XSS-Protection: 1; mode=block
X-GitHub-Request-Id: AEF8:126194:79F503:85520E:6752400D
Accept-Ranges: bytes
Date: Fri, 06 Dec 2024 00:06:49 GMT
Via: 1.1 varnish
X-Served-By: cache-yul1970023-YUL
X-Cache: MISS
X-Cache-Hits: 0
X-Timer: S1733443609.147554,VS0,VE266
Vary: Authorization,Accept-Encoding,Origin
Access-Control-Allow-Origin: *
Cross-Origin-Resource-Policy: cross-origin
X-Fastly-Request-ID: 5c999b5d45ce1a6c8a428b6e2b6c7884de73b02d
Expires: Fri, 06 Dec 2024 00:11:49 GMT
Source-Age: 0

]
[2024-12-05 19:06:53,076: INFO: main: >>>>>> stage Data Ingestion stage completed <<<<<<

x==========x]
[2024-12-05 19:06:53,076: INFO: main: >>>>>> stage Data Validation stage started <<<<<<]
[2024-12-05 19:06:53,076: INFO: common: yaml file: config\config.yaml loaded successfully]
[2024-12-05 19:06:53,092: INFO: common: yaml file: params.yaml loaded successfully]
[2024-12-05 19:06:53,092: INFO: common: created directory at: artifacts]
[2024-12-05 19:06:53,092: INFO: common: created directory at: artifacts/data_validation]
[2024-12-05 19:06:53,092: INFO: main: >>>>>> stage Data Validation stage completed <<<<<<

x==========x]
[2024-12-05 19:06:53,092: INFO: main: >>>>>> stage Data Transformation stage started <<<<<<]
[2024-12-05 19:06:53,107: INFO: common: yaml file: config\config.yaml loaded successfully]
[2024-12-05 19:06:53,107: INFO: common: yaml file: params.yaml loaded successfully]
[2024-12-05 19:06:53,107: INFO: common: created directory at: artifacts]
[2024-12-05 19:06:53,107: INFO: common: created directory at: artifacts/data_transformation]
[2024-12-05 19:07:04,062: INFO: main: >>>>>> stage Data Transformation stage completed <<<<<<

x==========x]
[2024-12-05 19:07:04,062: INFO: main: *******************]
[2024-12-05 19:07:04,062: INFO: main: >>>>>> stage Model Trainer stage started <<<<<<]
[2024-12-05 19:07:04,062: INFO: common: yaml file: config\config.yaml loaded successfully]
[2024-12-05 19:07:04,062: INFO: common: yaml file: params.yaml loaded successfully]
[2024-12-05 19:07:04,062: INFO: common: created directory at: artifacts]
[2024-12-05 19:07:04,078: INFO: common: created directory at: artifacts/model_trainer]
[2024-12-05 20:20:58,155: INFO: main: >>>>>> stage Model Trainer stage completed <<<<<<

x==========x]
[2024-12-05 20:20:58,233: INFO: main: *******************]
[2024-12-05 20:20:58,233: INFO: main: >>>>>> stage Model Evaluation stage started <<<<<<]
[2024-12-05 20:20:58,375: INFO: common: yaml file: config\config.yaml loaded successfully]
[2024-12-05 20:20:58,422: INFO: common: yaml file: params.yaml loaded successfully]
[2024-12-05 20:20:58,454: INFO: common: created directory at: artifacts]
[2024-12-05 20:20:58,454: INFO: common: created directory at: artifacts/model_evaluation]
[2024-12-05 20:31:34,056: INFO: rouge_scorer: Using default tokenizer.]
[2024-12-05 20:31:35,476: INFO: main: >>>>>> stage Model Evaluation stage completed <<<<<<

x==========x]
[2024-12-06 14:48:43,735: INFO: server: Started server process [7268]]
[2024-12-06 14:48:43,829: INFO: on: Waiting for application startup.]
[2024-12-06 14:48:43,829: INFO: on: Application startup complete.]
[2024-12-06 14:48:43,829: INFO: server: Uvicorn running on http://0.0.0.0:8080 (Press CTRL+C to quit)]
[2024-12-06 14:53:23,161: INFO: config: PyTorch version 2.4.1 available.]
[2024-12-06 14:53:27,597: INFO: main: >>>>>> stage Data Ingestion stage started <<<<<<]
[2024-12-06 14:53:27,636: INFO: common: yaml file: config\config.yaml loaded successfully]
[2024-12-06 14:53:27,661: INFO: common: yaml file: params.yaml loaded successfully]
[2024-12-06 14:53:27,663: INFO: common: created directory at: artifacts]
[2024-12-06 14:53:27,664: INFO: common: created directory at: artifacts/data_ingestion]
[2024-12-06 14:53:27,665: INFO: data_ingestion: File already exists of size: ~ 7718 KB]
[2024-12-06 14:53:27,979: INFO: main: >>>>>> stage Data Ingestion stage completed <<<<<<

x==========x]
[2024-12-06 14:53:27,979: INFO: main: >>>>>> stage Data Validation stage started <<<<<<]
[2024-12-06 14:53:27,986: INFO: common: yaml file: config\config.yaml loaded successfully]
[2024-12-06 14:53:27,989: INFO: common: yaml file: params.yaml loaded successfully]
[2024-12-06 14:53:27,989: INFO: common: created directory at: artifacts]
[2024-12-06 14:53:27,990: INFO: common: created directory at: artifacts/data_validation]
[2024-12-06 14:53:27,992: INFO: main: >>>>>> stage Data Validation stage completed <<<<<<

x==========x]
[2024-12-06 14:53:27,993: INFO: main: >>>>>> stage Data Transformation stage started <<<<<<]
[2024-12-06 14:53:27,997: INFO: common: yaml file: config\config.yaml loaded successfully]
[2024-12-06 14:53:28,000: INFO: common: yaml file: params.yaml loaded successfully]
[2024-12-06 14:53:28,002: INFO: common: created directory at: artifacts]
[2024-12-06 14:53:28,002: INFO: common: created directory at: artifacts/data_transformation]
[2024-12-06 14:53:30,969: INFO: main: >>>>>> stage Data Transformation stage completed <<<<<<

x==========x]
[2024-12-06 14:53:30,969: INFO: main: *******************]
[2024-12-06 14:53:30,969: INFO: main: >>>>>> stage Model Trainer stage started <<<<<<]
[2024-12-06 14:53:30,978: INFO: common: yaml file: config\config.yaml loaded successfully]
[2024-12-06 14:53:30,983: INFO: common: yaml file: params.yaml loaded successfully]
[2024-12-06 14:53:30,983: INFO: common: created directory at: artifacts]
[2024-12-06 14:53:30,983: INFO: common: created directory at: artifacts/model_trainer]
[2024-12-06 16:21:27,622: INFO: main: >>>>>> stage Model Trainer stage completed <<<<<<

x==========x]
[2024-12-06 16:21:28,213: INFO: main: *******************]
[2024-12-06 16:21:28,213: INFO: main: >>>>>> stage Model Evaluation stage started <<<<<<]
[2024-12-06 16:21:28,432: INFO: common: yaml file: config\config.yaml loaded successfully]
[2024-12-06 16:21:28,491: INFO: common: yaml file: params.yaml loaded successfully]
[2024-12-06 16:21:28,520: INFO: common: created directory at: artifacts]
[2024-12-06 16:21:28,523: INFO: common: created directory at: artifacts/model_evaluation]
[2024-12-06 16:29:00,161: INFO: rouge_scorer: Using default tokenizer.]
[2024-12-06 16:29:01,275: INFO: main: >>>>>> stage Model Evaluation stage completed <<<<<<

x==========x]
[2024-12-06 16:33:35,834: INFO: common: yaml file: config\config.yaml loaded successfully]
[2024-12-06 16:33:35,852: INFO: common: yaml file: params.yaml loaded successfully]
[2024-12-06 16:33:35,852: INFO: common: created directory at: artifacts]
[2024-12-06 16:33:35,852: INFO: common: created directory at: artifacts/model_evaluation]
[2024-12-06 17:33:08,946: INFO: server: Shutting down]
[2024-12-06 17:33:09,068: INFO: on: Waiting for application shutdown.]
[2024-12-06 17:33:09,076: INFO: on: Application shutdown complete.]
[2024-12-06 17:33:09,078: INFO: server: Finished server process [7268]]
